{"C:\\Users\\aborisov\\Desktop\\DiplomArbeit\\jeopardy-vue-version\\src\\routes.js": {"path":"C:\\Users\\aborisov\\Desktop\\DiplomArbeit\\jeopardy-vue-version\\src\\routes.js","statementMap":{"0":{"start":{"line":4,"column":22},"end":{"line":8,"column":1}}},"fnMap":{},"branchMap":{},"s":{"0":0},"f":{},"b":{}}
,"C:\\Users\\aborisov\\Desktop\\DiplomArbeit\\jeopardy-vue-version\\src\\components\\home\\Countdown.vue": {"path":"C:\\Users\\aborisov\\Desktop\\DiplomArbeit\\jeopardy-vue-version\\src\\components\\home\\Countdown.vue","statementMap":{"0":{"start":{"line":10,"column":0},"end":{"line":10,"column":null}},"1":{"start":{"line":15,"column":0},"end":{"line":15,"column":null}},"2":{"start":{"line":19,"column":0},"end":{"line":26,"column":null}},"3":{"start":{"line":20,"column":0},"end":{"line":23,"column":null}},"4":{"start":{"line":21,"column":0},"end":{"line":21,"column":null}},"5":{"start":{"line":22,"column":0},"end":{"line":22,"column":null}},"6":{"start":{"line":25,"column":0},"end":{"line":25,"column":null}}},"fnMap":{"0":{"name":"(anonymous_1)","decl":{"start":{"line":9,"column":0},"end":{"line":9,"column":null}},"loc":{"start":{"line":9,"column":0},"end":{"line":13,"column":null}}},"1":{"name":"(anonymous_2)","decl":{"start":{"line":14,"column":0},"end":{"line":14,"column":null}},"loc":{"start":{"line":14,"column":0},"end":{"line":16,"column":null}}},"2":{"name":"(anonymous_3)","decl":{"start":{"line":18,"column":0},"end":{"line":18,"column":null}},"loc":{"start":{"line":18,"column":0},"end":{"line":27,"column":null}}},"3":{"name":"(anonymous_4)","decl":{"start":{"line":20,"column":0},"end":{"line":20,"column":null}},"loc":{"start":{"line":20,"column":0},"end":{"line":23,"column":null}}}},"branchMap":{"0":{"loc":{"start":{"line":19,"column":0},"end":{"line":26,"column":null}},"type":"if","locations":[{"start":{"line":19,"column":0},"end":{"line":26,"column":null}},{"start":{"line":19,"column":0},"end":{"line":26,"column":null}}]}},"s":{"0":0,"1":0,"2":0,"3":0,"4":0,"5":0,"6":0},"f":{"0":0,"1":0,"2":0,"3":0},"b":{"0":[0,0]}}
,"C:\\Users\\aborisov\\Desktop\\DiplomArbeit\\jeopardy-vue-version\\src\\components\\home\\FinalJeopardyWindow.vue": {"path":"C:\\Users\\aborisov\\Desktop\\DiplomArbeit\\jeopardy-vue-version\\src\\components\\home\\FinalJeopardyWindow.vue","statementMap":{"0":{"start":{"line":27,"column":0},"end":{"line":27,"column":null}},"1":{"start":{"line":38,"column":0},"end":{"line":43,"column":null}},"2":{"start":{"line":39,"column":0},"end":{"line":39,"column":null}},"3":{"start":{"line":40,"column":0},"end":{"line":40,"column":null}},"4":{"start":{"line":42,"column":0},"end":{"line":42,"column":null}},"5":{"start":{"line":44,"column":0},"end":{"line":61,"column":null}},"6":{"start":{"line":45,"column":0},"end":{"line":60,"column":null}},"7":{"start":{"line":46,"column":0},"end":{"line":46,"column":null}},"8":{"start":{"line":48,"column":0},"end":{"line":49,"column":null}},"9":{"start":{"line":54,"column":0},"end":{"line":54,"column":null}},"10":{"start":{"line":55,"column":0},"end":{"line":55,"column":null}},"11":{"start":{"line":56,"column":0},"end":{"line":56,"column":null}},"12":{"start":{"line":57,"column":0},"end":{"line":57,"column":null}},"13":{"start":{"line":59,"column":0},"end":{"line":59,"column":null}},"14":{"start":{"line":62,"column":0},"end":{"line":62,"column":null}},"15":{"start":{"line":65,"column":0},"end":{"line":65,"column":null}}},"fnMap":{"0":{"name":"(anonymous_1)","decl":{"start":{"line":26,"column":0},"end":{"line":26,"column":null}},"loc":{"start":{"line":26,"column":0},"end":{"line":35,"column":null}}},"1":{"name":"(anonymous_2)","decl":{"start":{"line":37,"column":0},"end":{"line":37,"column":null}},"loc":{"start":{"line":37,"column":0},"end":{"line":63,"column":null}}},"2":{"name":"(anonymous_3)","decl":{"start":{"line":64,"column":0},"end":{"line":64,"column":null}},"loc":{"start":{"line":64,"column":0},"end":{"line":66,"column":null}}}},"branchMap":{"0":{"loc":{"start":{"line":38,"column":0},"end":{"line":43,"column":null}},"type":"if","locations":[{"start":{"line":38,"column":0},"end":{"line":43,"column":null}},{"start":{"line":38,"column":0},"end":{"line":43,"column":null}}]},"1":{"loc":{"start":{"line":44,"column":0},"end":{"line":61,"column":null}},"type":"if","locations":[{"start":{"line":44,"column":0},"end":{"line":61,"column":null}},{"start":{"line":44,"column":0},"end":{"line":61,"column":null}}]},"2":{"loc":{"start":{"line":45,"column":0},"end":{"line":60,"column":null}},"type":"if","locations":[{"start":{"line":45,"column":0},"end":{"line":60,"column":null}},{"start":{"line":45,"column":0},"end":{"line":60,"column":null}}]},"3":{"loc":{"start":{"line":59,"column":0},"end":{"line":59,"column":null}},"type":"cond-expr","locations":[{"start":{"line":59,"column":0},"end":{"line":59,"column":null}},{"start":{"line":59,"column":0},"end":{"line":59,"column":null}}]}},"s":{"0":0,"1":0,"2":0,"3":0,"4":0,"5":0,"6":0,"7":0,"8":0,"9":0,"10":0,"11":0,"12":0,"13":0,"14":0,"15":0},"f":{"0":0,"1":0,"2":0},"b":{"0":[0,0],"1":[0,0],"2":[0,0],"3":[0,0]}}
,"C:\\Users\\aborisov\\Desktop\\DiplomArbeit\\jeopardy-vue-version\\src\\components\\home\\Home.vue": {"path":"C:\\Users\\aborisov\\Desktop\\DiplomArbeit\\jeopardy-vue-version\\src\\components\\home\\Home.vue","statementMap":{"0":{"start":{"line":24,"column":0},"end":{"line":24,"column":null}},"1":{"start":{"line":25,"column":0},"end":{"line":25,"column":null}},"2":{"start":{"line":26,"column":0},"end":{"line":26,"column":null}},"3":{"start":{"line":27,"column":0},"end":{"line":27,"column":null}},"4":{"start":{"line":33,"column":0},"end":{"line":33,"column":null}},"5":{"start":{"line":43,"column":0},"end":{"line":47,"column":null}},"6":{"start":{"line":44,"column":0},"end":{"line":44,"column":null}},"7":{"start":{"line":45,"column":0},"end":{"line":45,"column":null}},"8":{"start":{"line":46,"column":0},"end":{"line":46,"column":null}},"9":{"start":{"line":48,"column":0},"end":{"line":52,"column":null}},"10":{"start":{"line":49,"column":0},"end":{"line":49,"column":null}},"11":{"start":{"line":50,"column":0},"end":{"line":50,"column":null}},"12":{"start":{"line":51,"column":0},"end":{"line":51,"column":null}},"13":{"start":{"line":56,"column":0},"end":{"line":62,"column":null}},"14":{"start":{"line":57,"column":0},"end":{"line":57,"column":null}},"15":{"start":{"line":58,"column":0},"end":{"line":58,"column":null}},"16":{"start":{"line":61,"column":0},"end":{"line":61,"column":null}}},"fnMap":{"0":{"name":"(anonymous_1)","decl":{"start":{"line":32,"column":0},"end":{"line":32,"column":null}},"loc":{"start":{"line":32,"column":0},"end":{"line":41,"column":null}}},"1":{"name":"(anonymous_2)","decl":{"start":{"line":42,"column":0},"end":{"line":42,"column":null}},"loc":{"start":{"line":42,"column":0},"end":{"line":53,"column":null}}},"2":{"name":"(anonymous_3)","decl":{"start":{"line":43,"column":0},"end":{"line":43,"column":null}},"loc":{"start":{"line":43,"column":0},"end":{"line":47,"column":null}}},"3":{"name":"(anonymous_4)","decl":{"start":{"line":48,"column":0},"end":{"line":48,"column":null}},"loc":{"start":{"line":48,"column":0},"end":{"line":52,"column":null}}},"4":{"name":"(anonymous_5)","decl":{"start":{"line":55,"column":0},"end":{"line":55,"column":null}},"loc":{"start":{"line":55,"column":0},"end":{"line":63,"column":null}}}},"branchMap":{"0":{"loc":{"start":{"line":56,"column":0},"end":{"line":62,"column":null}},"type":"if","locations":[{"start":{"line":56,"column":0},"end":{"line":62,"column":null}},{"start":{"line":56,"column":0},"end":{"line":62,"column":null}}]},"1":{"loc":{"start":{"line":56,"column":0},"end":{"line":56,"column":null}},"type":"binary-expr","locations":[{"start":{"line":56,"column":0},"end":{"line":56,"column":null}},{"start":{"line":56,"column":0},"end":{"line":56,"column":null}}]}},"s":{"0":0,"1":0,"2":0,"3":0,"4":0,"5":0,"6":0,"7":0,"8":0,"9":0,"10":0,"11":0,"12":0,"13":0,"14":0,"15":0,"16":0},"f":{"0":0,"1":0,"2":0,"3":0,"4":0},"b":{"0":[0,0],"1":[0,0]}}
,"C:\\Users\\aborisov\\Desktop\\DiplomArbeit\\jeopardy-vue-version\\src\\components\\home\\Jeopardy.vue": {"path":"C:\\Users\\aborisov\\Desktop\\DiplomArbeit\\jeopardy-vue-version\\src\\components\\home\\Jeopardy.vue","statementMap":{"0":{"start":{"line":42,"column":0},"end":{"line":42,"column":null}},"1":{"start":{"line":43,"column":0},"end":{"line":43,"column":null}},"2":{"start":{"line":44,"column":0},"end":{"line":44,"column":null}},"3":{"start":{"line":45,"column":0},"end":{"line":45,"column":null}},"4":{"start":{"line":46,"column":0},"end":{"line":46,"column":null}},"5":{"start":{"line":48,"column":0},"end":{"line":49,"column":null}},"6":{"start":{"line":58,"column":0},"end":{"line":58,"column":null}},"7":{"start":{"line":70,"column":0},"end":{"line":70,"column":null}},"8":{"start":{"line":75,"column":0},"end":{"line":75,"column":null}},"9":{"start":{"line":80,"column":0},"end":{"line":80,"column":null}},"10":{"start":{"line":95,"column":0},"end":{"line":95,"column":null}},"11":{"start":{"line":96,"column":0},"end":{"line":98,"column":null}},"12":{"start":{"line":96,"column":0},"end":{"line":96,"column":null}},"13":{"start":{"line":97,"column":0},"end":{"line":97,"column":null}},"14":{"start":{"line":100,"column":0},"end":{"line":100,"column":null}},"15":{"start":{"line":101,"column":0},"end":{"line":101,"column":null}},"16":{"start":{"line":111,"column":0},"end":{"line":111,"column":null}},"17":{"start":{"line":112,"column":0},"end":{"line":112,"column":null}},"18":{"start":{"line":115,"column":0},"end":{"line":129,"column":null}},"19":{"start":{"line":115,"column":0},"end":{"line":115,"column":null}},"20":{"start":{"line":116,"column":0},"end":{"line":128,"column":null}},"21":{"start":{"line":117,"column":0},"end":{"line":117,"column":null}},"22":{"start":{"line":118,"column":0},"end":{"line":118,"column":null}},"23":{"start":{"line":119,"column":0},"end":{"line":125,"column":null}},"24":{"start":{"line":120,"column":0},"end":{"line":120,"column":null}},"25":{"start":{"line":121,"column":0},"end":{"line":121,"column":null}},"26":{"start":{"line":123,"column":0},"end":{"line":123,"column":null}},"27":{"start":{"line":124,"column":0},"end":{"line":124,"column":null}},"28":{"start":{"line":126,"column":0},"end":{"line":126,"column":null}},"29":{"start":{"line":127,"column":0},"end":{"line":127,"column":null}},"30":{"start":{"line":130,"column":0},"end":{"line":130,"column":null}},"31":{"start":{"line":131,"column":0},"end":{"line":131,"column":null}},"32":{"start":{"line":134,"column":0},"end":{"line":134,"column":null}},"33":{"start":{"line":135,"column":0},"end":{"line":139,"column":null}},"34":{"start":{"line":136,"column":0},"end":{"line":138,"column":null}},"35":{"start":{"line":137,"column":0},"end":{"line":137,"column":null}},"36":{"start":{"line":142,"column":0},"end":{"line":144,"column":null}},"37":{"start":{"line":143,"column":0},"end":{"line":143,"column":null}},"38":{"start":{"line":145,"column":0},"end":{"line":149,"column":null}},"39":{"start":{"line":146,"column":0},"end":{"line":146,"column":null}},"40":{"start":{"line":148,"column":0},"end":{"line":148,"column":null}},"41":{"start":{"line":150,"column":0},"end":{"line":150,"column":null}},"42":{"start":{"line":153,"column":0},"end":{"line":153,"column":null}},"43":{"start":{"line":156,"column":0},"end":{"line":156,"column":null}},"44":{"start":{"line":159,"column":0},"end":{"line":159,"column":null}},"45":{"start":{"line":162,"column":0},"end":{"line":168,"column":null}},"46":{"start":{"line":162,"column":0},"end":{"line":162,"column":null}},"47":{"start":{"line":163,"column":0},"end":{"line":167,"column":null}},"48":{"start":{"line":164,"column":0},"end":{"line":164,"column":null}},"49":{"start":{"line":166,"column":0},"end":{"line":166,"column":null}},"50":{"start":{"line":169,"column":0},"end":{"line":169,"column":null}},"51":{"start":{"line":170,"column":0},"end":{"line":170,"column":null}},"52":{"start":{"line":171,"column":0},"end":{"line":176,"column":null}},"53":{"start":{"line":171,"column":0},"end":{"line":171,"column":null}},"54":{"start":{"line":172,"column":0},"end":{"line":175,"column":null}},"55":{"start":{"line":173,"column":0},"end":{"line":173,"column":null}},"56":{"start":{"line":174,"column":0},"end":{"line":174,"column":null}},"57":{"start":{"line":177,"column":0},"end":{"line":177,"column":null}},"58":{"start":{"line":178,"column":0},"end":{"line":178,"column":null}}},"fnMap":{"0":{"name":"(anonymous_1)","decl":{"start":{"line":69,"column":0},"end":{"line":69,"column":null}},"loc":{"start":{"line":69,"column":0},"end":{"line":71,"column":null}}},"1":{"name":"(anonymous_2)","decl":{"start":{"line":74,"column":0},"end":{"line":74,"column":null}},"loc":{"start":{"line":74,"column":0},"end":{"line":76,"column":null}}},"2":{"name":"(anonymous_3)","decl":{"start":{"line":79,"column":0},"end":{"line":79,"column":null}},"loc":{"start":{"line":79,"column":0},"end":{"line":92,"column":null}}},"3":{"name":"(anonymous_4)","decl":{"start":{"line":94,"column":0},"end":{"line":94,"column":null}},"loc":{"start":{"line":94,"column":0},"end":{"line":102,"column":null}}},"4":{"name":"(anonymous_5)","decl":{"start":{"line":110,"column":0},"end":{"line":110,"column":null}},"loc":{"start":{"line":110,"column":0},"end":{"line":113,"column":null}}},"5":{"name":"(anonymous_6)","decl":{"start":{"line":114,"column":0},"end":{"line":114,"column":null}},"loc":{"start":{"line":114,"column":0},"end":{"line":132,"column":null}}},"6":{"name":"(anonymous_7)","decl":{"start":{"line":133,"column":0},"end":{"line":133,"column":null}},"loc":{"start":{"line":133,"column":0},"end":{"line":140,"column":null}}},"7":{"name":"(anonymous_8)","decl":{"start":{"line":135,"column":0},"end":{"line":135,"column":null}},"loc":{"start":{"line":135,"column":0},"end":{"line":139,"column":null}}},"8":{"name":"(anonymous_9)","decl":{"start":{"line":141,"column":0},"end":{"line":141,"column":null}},"loc":{"start":{"line":141,"column":0},"end":{"line":151,"column":null}}},"9":{"name":"(anonymous_10)","decl":{"start":{"line":152,"column":0},"end":{"line":152,"column":null}},"loc":{"start":{"line":152,"column":0},"end":{"line":154,"column":null}}},"10":{"name":"(anonymous_11)","decl":{"start":{"line":155,"column":0},"end":{"line":155,"column":null}},"loc":{"start":{"line":155,"column":0},"end":{"line":157,"column":null}}},"11":{"name":"(anonymous_12)","decl":{"start":{"line":158,"column":0},"end":{"line":158,"column":null}},"loc":{"start":{"line":158,"column":0},"end":{"line":160,"column":null}}},"12":{"name":"(anonymous_13)","decl":{"start":{"line":161,"column":0},"end":{"line":161,"column":null}},"loc":{"start":{"line":161,"column":0},"end":{"line":179,"column":null}}}},"branchMap":{"0":{"loc":{"start":{"line":97,"column":0},"end":{"line":97,"column":null}},"type":"cond-expr","locations":[{"start":{"line":97,"column":0},"end":{"line":97,"column":null}},{"start":{"line":97,"column":0},"end":{"line":97,"column":null}}]},"1":{"loc":{"start":{"line":116,"column":0},"end":{"line":128,"column":null}},"type":"if","locations":[{"start":{"line":116,"column":0},"end":{"line":128,"column":null}},{"start":{"line":116,"column":0},"end":{"line":128,"column":null}}]},"2":{"loc":{"start":{"line":119,"column":0},"end":{"line":125,"column":null}},"type":"if","locations":[{"start":{"line":119,"column":0},"end":{"line":125,"column":null}},{"start":{"line":119,"column":0},"end":{"line":125,"column":null}}]},"3":{"loc":{"start":{"line":136,"column":0},"end":{"line":138,"column":null}},"type":"if","locations":[{"start":{"line":136,"column":0},"end":{"line":138,"column":null}},{"start":{"line":136,"column":0},"end":{"line":138,"column":null}}]},"4":{"loc":{"start":{"line":142,"column":0},"end":{"line":144,"column":null}},"type":"if","locations":[{"start":{"line":142,"column":0},"end":{"line":144,"column":null}},{"start":{"line":142,"column":0},"end":{"line":144,"column":null}}]},"5":{"loc":{"start":{"line":145,"column":0},"end":{"line":149,"column":null}},"type":"if","locations":[{"start":{"line":145,"column":0},"end":{"line":149,"column":null}},{"start":{"line":145,"column":0},"end":{"line":149,"column":null}}]},"6":{"loc":{"start":{"line":163,"column":0},"end":{"line":167,"column":null}},"type":"if","locations":[{"start":{"line":163,"column":0},"end":{"line":167,"column":null}},{"start":{"line":163,"column":0},"end":{"line":167,"column":null}}]},"7":{"loc":{"start":{"line":164,"column":0},"end":{"line":164,"column":null}},"type":"cond-expr","locations":[{"start":{"line":164,"column":0},"end":{"line":164,"column":null}},{"start":{"line":164,"column":0},"end":{"line":164,"column":null}}]},"8":{"loc":{"start":{"line":166,"column":0},"end":{"line":166,"column":null}},"type":"cond-expr","locations":[{"start":{"line":166,"column":0},"end":{"line":166,"column":null}},{"start":{"line":166,"column":0},"end":{"line":166,"column":null}}]},"9":{"loc":{"start":{"line":172,"column":0},"end":{"line":175,"column":null}},"type":"if","locations":[{"start":{"line":172,"column":0},"end":{"line":175,"column":null}},{"start":{"line":172,"column":0},"end":{"line":175,"column":null}}]}},"s":{"0":1,"1":1,"2":1,"3":1,"4":1,"5":1,"6":1,"7":0,"8":0,"9":1,"10":0,"11":0,"12":0,"13":0,"14":0,"15":0,"16":0,"17":0,"18":0,"19":0,"20":0,"21":0,"22":0,"23":0,"24":0,"25":0,"26":0,"27":0,"28":0,"29":0,"30":0,"31":0,"32":0,"33":0,"34":0,"35":0,"36":0,"37":0,"38":0,"39":0,"40":0,"41":0,"42":0,"43":0,"44":0,"45":0,"46":0,"47":0,"48":0,"49":0,"50":0,"51":0,"52":0,"53":0,"54":0,"55":0,"56":0,"57":0,"58":0},"f":{"0":0,"1":0,"2":1,"3":0,"4":0,"5":0,"6":0,"7":0,"8":0,"9":0,"10":0,"11":0,"12":0},"b":{"0":[0,0],"1":[0,0],"2":[0,0],"3":[0,0],"4":[0,0],"5":[0,0],"6":[0,0],"7":[0,0],"8":[0,0],"9":[0,0]}}
,"C:\\Users\\aborisov\\Desktop\\DiplomArbeit\\jeopardy-vue-version\\src\\components\\home\\PlayerSelection.vue": {"path":"C:\\Users\\aborisov\\Desktop\\DiplomArbeit\\jeopardy-vue-version\\src\\components\\home\\PlayerSelection.vue","statementMap":{"0":{"start":{"line":12,"column":0},"end":{"line":12,"column":null}},"1":{"start":{"line":16,"column":0},"end":{"line":16,"column":null}},"2":{"start":{"line":23,"column":0},"end":{"line":29,"column":null}},"3":{"start":{"line":24,"column":0},"end":{"line":24,"column":null}},"4":{"start":{"line":26,"column":0},"end":{"line":26,"column":null}},"5":{"start":{"line":27,"column":0},"end":{"line":27,"column":null}},"6":{"start":{"line":28,"column":0},"end":{"line":28,"column":null}}},"fnMap":{"0":{"name":"(anonymous_1)","decl":{"start":{"line":15,"column":0},"end":{"line":15,"column":null}},"loc":{"start":{"line":15,"column":0},"end":{"line":20,"column":null}}},"1":{"name":"(anonymous_2)","decl":{"start":{"line":22,"column":0},"end":{"line":22,"column":null}},"loc":{"start":{"line":22,"column":0},"end":{"line":30,"column":null}}}},"branchMap":{"0":{"loc":{"start":{"line":23,"column":0},"end":{"line":29,"column":null}},"type":"if","locations":[{"start":{"line":23,"column":0},"end":{"line":29,"column":null}},{"start":{"line":23,"column":0},"end":{"line":29,"column":null}}]},"1":{"loc":{"start":{"line":23,"column":0},"end":{"line":23,"column":null}},"type":"binary-expr","locations":[{"start":{"line":23,"column":0},"end":{"line":23,"column":null}},{"start":{"line":23,"column":0},"end":{"line":23,"column":null}}]}},"s":{"0":0,"1":0,"2":0,"3":0,"4":0,"5":0,"6":0},"f":{"0":0,"1":0},"b":{"0":[0,0],"1":[0,0]}}
,"C:\\Users\\aborisov\\Desktop\\DiplomArbeit\\jeopardy-vue-version\\src\\components\\home\\QuestionCell.vue": {"path":"C:\\Users\\aborisov\\Desktop\\DiplomArbeit\\jeopardy-vue-version\\src\\components\\home\\QuestionCell.vue","statementMap":{"0":{"start":{"line":16,"column":0},"end":{"line":16,"column":null}}},"fnMap":{"0":{"name":"(anonymous_1)","decl":{"start":{"line":15,"column":0},"end":{"line":15,"column":null}},"loc":{"start":{"line":15,"column":0},"end":{"line":17,"column":null}}}},"branchMap":{},"s":{"0":0},"f":{"0":0},"b":{}}
,"C:\\Users\\aborisov\\Desktop\\DiplomArbeit\\jeopardy-vue-version\\src\\components\\home\\QuestionSelection.vue": {"path":"C:\\Users\\aborisov\\Desktop\\DiplomArbeit\\jeopardy-vue-version\\src\\components\\home\\QuestionSelection.vue","statementMap":{"0":{"start":{"line":11,"column":0},"end":{"line":11,"column":null}},"1":{"start":{"line":15,"column":0},"end":{"line":15,"column":null}},"2":{"start":{"line":22,"column":0},"end":{"line":22,"column":null}},"3":{"start":{"line":23,"column":0},"end":{"line":23,"column":null}},"4":{"start":{"line":24,"column":0},"end":{"line":24,"column":null}}},"fnMap":{"0":{"name":"(anonymous_1)","decl":{"start":{"line":14,"column":0},"end":{"line":14,"column":null}},"loc":{"start":{"line":14,"column":0},"end":{"line":19,"column":null}}},"1":{"name":"(anonymous_2)","decl":{"start":{"line":21,"column":0},"end":{"line":21,"column":null}},"loc":{"start":{"line":21,"column":0},"end":{"line":25,"column":null}}}},"branchMap":{},"s":{"0":0,"1":0,"2":0,"3":0,"4":0},"f":{"0":0,"1":0},"b":{}}
,"C:\\Users\\aborisov\\Desktop\\DiplomArbeit\\jeopardy-vue-version\\src\\components\\home\\QuestionWindow.vue": {"path":"C:\\Users\\aborisov\\Desktop\\DiplomArbeit\\jeopardy-vue-version\\src\\components\\home\\QuestionWindow.vue","statementMap":{"0":{"start":{"line":24,"column":0},"end":{"line":24,"column":null}},"1":{"start":{"line":34,"column":0},"end":{"line":34,"column":null}},"2":{"start":{"line":41,"column":0},"end":{"line":45,"column":null}},"3":{"start":{"line":42,"column":0},"end":{"line":42,"column":null}},"4":{"start":{"line":44,"column":0},"end":{"line":44,"column":null}},"5":{"start":{"line":48,"column":0},"end":{"line":48,"column":null}}},"fnMap":{"0":{"name":"(anonymous_1)","decl":{"start":{"line":33,"column":0},"end":{"line":33,"column":null}},"loc":{"start":{"line":33,"column":0},"end":{"line":38,"column":null}}},"1":{"name":"(anonymous_2)","decl":{"start":{"line":40,"column":0},"end":{"line":40,"column":null}},"loc":{"start":{"line":40,"column":0},"end":{"line":46,"column":null}}},"2":{"name":"(anonymous_3)","decl":{"start":{"line":47,"column":0},"end":{"line":47,"column":null}},"loc":{"start":{"line":47,"column":0},"end":{"line":49,"column":null}}}},"branchMap":{"0":{"loc":{"start":{"line":41,"column":0},"end":{"line":45,"column":null}},"type":"if","locations":[{"start":{"line":41,"column":0},"end":{"line":45,"column":null}},{"start":{"line":41,"column":0},"end":{"line":45,"column":null}}]}},"s":{"0":1,"1":0,"2":0,"3":0,"4":0,"5":0},"f":{"0":0,"1":0,"2":0},"b":{"0":[0,0]}}
}
